2021-11-18 21:06:33 DEBUG Config - Config.get(helper, instrument) = false
2021-11-18 21:21:03 DEBUG Config - Config.get(helper, instrument) = false
2021-11-18 21:22:07 DEBUG Config - Config.get(helper, instrument) = false
2021-11-18 21:40:02 DEBUG Config - Config.get(helper, instrument) = false
2021-11-18 21:40:28 DEBUG Config - Config.get(helper, instrument) = false
2021-11-18 21:40:53 DEBUG Config - Config.get(helper, instrument) = false
2021-11-18 21:41:45 DEBUG Config - Config.get(helper, instrument) = false
2021-11-18 21:52:04 DEBUG Config - Config.get(helper, instrument) = false
2021-11-19 11:12:21 DEBUG Config - Config.get(helper, instrument) = false
2021-11-19 11:13:11 DEBUG Config - Config.get(helper, instrument) = false
2021-11-19 11:14:11 DEBUG Config - Config.get(helper, instrument) = false
2021-11-20 19:27:40 DEBUG Config - Config.get(helper, instrument) = false
2021-11-20 20:41:24 DEBUG Config - Config.get(helper, instrument) = false
2021-11-20 20:42:23 DEBUG Config - Config.get(helper, instrument) = false
2021-11-22 16:59:42 INFO  Benchmark_Timer - Begin run:  4M test:  with 100 runs
2021-11-22 17:05:11 INFO  Benchmark_Timer - Begin run:  4M test:  with 100 runs
2021-11-22 17:10:25 INFO  Benchmark_Timer - Begin run:  4M test:  with 100 runs
2021-11-22 17:18:43 INFO  Benchmark_Timer - Begin run:  4M test:  with 100 runs
2021-11-22 17:26:47 INFO  Benchmark_Timer - Begin run:  4M test:  with 100 runs
2021-11-22 17:36:10 INFO  Benchmark_Timer - Begin run:  4M test:  with 100 runs
2021-11-22 17:41:30 INFO  Benchmark_Timer - Begin run:  4M test:  with 100 runs
2021-11-22 17:44:32 INFO  Benchmark_Timer - Begin run:  4M test:  with 100 runs
2021-11-22 17:58:37 INFO  Benchmark_Timer - Begin run:  4M test:  with 100 runs
2021-11-22 18:09:31 INFO  Benchmark_Timer - Begin run:  250K test:  with 100 runs
2021-11-22 18:18:25 INFO  Benchmark_Timer - Begin run:  250K test:  with 100 runs
2021-11-22 18:18:47 INFO  Benchmark_Timer - Begin run:  250K test:  with 100 runs
2021-11-22 18:19:09 INFO  Benchmark_Timer - Begin run:  250K test:  with 100 runs
2021-11-22 18:19:31 INFO  Benchmark_Timer - Begin run:  250K test:  with 100 runs
2021-11-22 18:19:53 INFO  Benchmark_Timer - Begin run:  250K test:  with 100 runs
2021-11-22 18:20:15 INFO  Benchmark_Timer - Begin run:  250K test:  with 100 runs
2021-11-22 18:20:37 INFO  Benchmark_Timer - Begin run:  250K test:  with 100 runs
2021-11-22 18:20:59 INFO  Benchmark_Timer - Begin run:  250K test:  with 100 runs
2021-11-22 18:24:26 INFO  Benchmark_Timer - Begin run:  250K test:  with 100 runs
2021-11-23 05:19:44 INFO  Benchmark_Timer - Begin run:  250K test:  with 100 runs
2021-11-23 05:23:28 INFO  Benchmark_Timer - Begin run:  250K test:  with 100 runs
2021-11-23 05:23:50 INFO  Benchmark_Timer - Begin run:  250K test:  with 100 runs
2021-11-23 05:25:14 INFO  Benchmark_Timer - Begin run:  250K test:  with 100 runs
2021-11-23 05:41:18 INFO  Benchmark_Timer - Begin run:  250K test:  with 100 runs
2021-11-23 05:41:18 INFO  Benchmark_Timer - Begin run:  250K test:  with 100 runs
2021-11-23 05:41:18 INFO  Benchmark_Timer - Begin run:  250K test:  with 100 runs
2021-11-23 05:41:18 INFO  Benchmark_Timer - Begin run:  250K test:  with 100 runs
2021-11-23 05:41:18 INFO  Benchmark_Timer - Begin run:  250K test:  with 100 runs
2021-11-23 05:41:18 INFO  Benchmark_Timer - Begin run:  250K test:  with 100 runs
2021-11-23 05:41:18 INFO  Benchmark_Timer - Begin run:  250K test:  with 100 runs
2021-11-23 05:41:18 INFO  Benchmark_Timer - Begin run:  250K test:  with 100 runs
2021-11-23 05:42:02 INFO  Benchmark_Timer - Begin run:  250K test:  with 100 runs
2021-11-23 06:05:38 INFO  Benchmark_Timer - Begin run:  250K test:  with 100 runs
2021-11-23 06:34:10 INFO  Benchmark_Timer - Begin run:  1M test:  with 100 runs
2021-11-23 16:01:11 INFO  Benchmark_Timer - Begin run:  250K test:  with 100 runs
2021-11-23 16:26:06 INFO  Benchmark_Timer - Begin run:  250K test:  with 10 runs
2021-11-23 16:30:16 INFO  Benchmark_Timer - Begin run:  250K test:  with 10 runs
2021-11-23 16:38:13 INFO  Benchmark_Timer - Begin run:  250K test:  with 1 runs
2021-11-23 16:51:26 INFO  Benchmark_Timer - Begin run:  1M test:  with 100 runs
2021-11-24 01:04:43 INFO  Benchmark_Timer - Begin run:  250K test:  with 100 runs
2021-11-24 01:17:05 INFO  Benchmark_Timer - Begin run:  250K test:  with 100 runs
2021-11-24 01:28:40 INFO  Benchmark_Timer - Begin run:  250K test:  with 100 runs
2021-11-24 01:40:11 INFO  Benchmark_Timer - Begin run:  250K test:  with 100 runs
2021-11-24 01:54:08 INFO  Benchmark_Timer - Begin run:  250K test:  with 100 runs
2021-11-24 05:20:17 INFO  Benchmark_Timer - Begin run:  250K test:  with 100 runs
2021-11-24 21:39:48 INFO  Benchmark_Timer - Begin run:  250K test:  with 100 runs
2021-11-24 22:29:46 INFO  Benchmark_Timer - Begin run:  250K test:  with 100 runs
2021-11-24 23:04:48 INFO  Benchmark_Timer - Begin run:  250k test:  with 100 runs
2021-11-24 23:06:23 INFO  Benchmark_Timer - Begin run:  250k test:  with 100 runs
2021-11-24 23:06:34 INFO  Benchmark_Timer - Begin run:  250k test:  with 100 runs
2021-11-24 23:06:45 INFO  Benchmark_Timer - Begin run:  250k test:  with 100 runs
2021-11-24 23:06:56 INFO  Benchmark_Timer - Begin run:  250k test:  with 100 runs
2021-11-25 05:39:46 INFO  Benchmark_Timer - Begin run:  250k test:  with 100 runs
2021-11-25 05:39:58 INFO  Benchmark_Timer - Begin run:  250k test:  with 100 runs
2021-11-25 05:40:10 INFO  Benchmark_Timer - Begin run:  250k test:  with 100 runs
2021-11-25 05:40:22 INFO  Benchmark_Timer - Begin run:  250k test:  with 100 runs
2021-11-25 05:47:55 DEBUG Config - Config.get(helper, instrument) = false
2021-11-25 05:52:10 DEBUG Config - Config.get(helper, instrument) = false
2021-11-25 06:20:54 DEBUG Config - Config.get(helper, instrument) = false
2021-11-25 06:21:32 DEBUG Config - Config.get(helper, instrument) = false
2021-11-25 06:26:07 DEBUG Config - Config.get(helper, instrument) = false
2021-11-25 06:29:11 DEBUG Config - Config.get(helper, instrument) = false
2021-11-25 06:29:13 INFO  Benchmark_Timer - Begin run:  250k test:  with 100 runs
2021-11-25 06:29:45 INFO  Benchmark_Timer - Begin run:  250k test:  with 100 runs
2021-11-25 06:30:18 INFO  Benchmark_Timer - Begin run:  250k test:  with 100 runs
2021-11-25 06:30:52 INFO  Benchmark_Timer - Begin run:  250k test:  with 100 runs
2021-11-25 06:31:26 INFO  Benchmark_Timer - Begin run:  250k test:  with 100 runs
2021-11-25 06:31:59 INFO  Benchmark_Timer - Begin run:  250k test:  with 100 runs
2021-11-25 06:32:33 INFO  Benchmark_Timer - Begin run:  250k test:  with 100 runs
2021-11-25 06:33:06 INFO  Benchmark_Timer - Begin run:  250k test:  with 100 runs
2021-11-25 06:34:39 DEBUG Config - Config.get(helper, instrument) = false
2021-11-25 06:38:56 DEBUG Config - Config.get(helper, instrument) = false
2021-11-25 06:38:59 INFO  Benchmark_Timer - Begin run:  250k test:  with 100 runs
2021-11-25 06:43:51 INFO  Benchmark_Timer - Begin run:  250k test:  with 100 runs
2021-11-25 07:04:55 INFO  Benchmark_Timer - Begin run:  250k test:  with 100 runs
2021-11-25 07:10:02 INFO  Benchmark_Timer - Begin run:  250k test:  with 100 runs
2021-11-25 07:15:09 INFO  Benchmark_Timer - Begin run:  250k test:  with 100 runs
2021-11-25 08:06:11 INFO  Benchmark_Timer - Begin run:  250k test:  with 100 runs
2021-11-25 08:11:16 INFO  Benchmark_Timer - Begin run:  250k test:  with 100 runs
2021-11-25 08:16:23 INFO  Benchmark_Timer - Begin run:  250k test:  with 100 runs
2021-11-27 08:34:09 INFO  Benchmark_Timer - Begin run:  250K test:  with 100 runs
2021-12-01 22:17:55 INFO  Benchmark_Timer - Begin run:  250k test:  with 100 runs
2021-12-01 22:18:08 INFO  Benchmark_Timer - Begin run:  250k test:  with 100 runs
2021-12-01 22:32:39 INFO  Benchmark_Timer - Begin run:  250k test:  with 100 runs
2021-12-01 22:32:45 INFO  Benchmark_Timer - Begin run:  250k test:  with 100 runs
2021-12-01 22:32:51 INFO  Benchmark_Timer - Begin run:  250k test:  with 100 runs
2021-12-01 22:32:57 INFO  Benchmark_Timer - Begin run:  250k test:  with 100 runs
2021-12-01 22:33:03 INFO  Benchmark_Timer - Begin run:  250k test:  with 100 runs
2021-12-01 22:33:08 INFO  Benchmark_Timer - Begin run:  250k test:  with 100 runs
2021-12-01 22:33:14 INFO  Benchmark_Timer - Begin run:  250k test:  with 100 runs
2021-12-01 22:43:09 INFO  Benchmark_Timer - Begin run:  250K test:  with 100 runs
2021-12-01 22:47:46 INFO  Benchmark_Timer - Begin run:  250K test:  with 100 runs
2021-12-02 00:00:00 INFO  Benchmark_Timer - Begin run:  500K test:  with 100 runs
2021-12-02 00:09:48 INFO  Benchmark_Timer - Begin run:  500K test:  with 100 runs
2021-12-02 00:19:36 INFO  Benchmark_Timer - Begin run:  500K test:  with 100 runs
2021-12-02 00:29:25 INFO  Benchmark_Timer - Begin run:  500K test:  with 100 runs
2021-12-02 00:39:18 INFO  Benchmark_Timer - Begin run:  500K test:  with 100 runs
2021-12-02 00:49:09 INFO  Benchmark_Timer - Begin run:  500K test:  with 100 runs
2021-12-02 00:59:02 INFO  Benchmark_Timer - Begin run:  500K test:  with 100 runs
2021-12-02 01:08:52 INFO  Benchmark_Timer - Begin run:  500K test:  with 100 runs
2021-12-02 01:19:34 INFO  Benchmark_Timer - Begin run:  500K test:  with 100 runs
2021-12-02 02:04:48 INFO  Benchmark_Timer - Begin run:  500K test:  with 100 runs
2021-12-01 23:15:19 DEBUG Config - Config.get(helper, instrument) = false
2021-12-01 23:19:05 DEBUG Config - Config.get(helper, instrument) = false
2021-12-02 02:55:56 INFO  Benchmark_Timer - Begin run:  250k test:  with 100 runs
2021-12-02 02:57:18 INFO  Benchmark_Timer - Begin run:  250k test:  with 100 runs
2021-12-02 02:58:40 INFO  Benchmark_Timer - Begin run:  250k test:  with 100 runs
2021-12-02 03:00:01 INFO  Benchmark_Timer - Begin run:  250k test:  with 100 runs
2021-12-02 03:01:17 INFO  Benchmark_Timer - Begin run:  250k test:  with 100 runs
2021-12-02 03:02:29 INFO  Benchmark_Timer - Begin run:  250k test:  with 100 runs
2021-12-02 03:03:40 INFO  Benchmark_Timer - Begin run:  250k test:  with 100 runs
2021-12-02 03:04:49 INFO  Benchmark_Timer - Begin run:  250k test:  with 100 runs
2021-12-02 03:10:29 INFO  Benchmark_Timer - Begin run:  250K test:  with 100 runs
2021-12-02 03:23:02 INFO  Benchmark_Timer - Begin run:  250K test:  with 100 runs
2021-12-02 05:02:11 INFO  Benchmark_Timer - Begin run: testWaitPeriods with 2 runs
2021-12-02 05:33:52 DEBUG LazyLoggerTest - Hello debug message
2021-12-02 06:35:38 DEBUG Config - Config.get(helper, instrument) = false
2021-12-02 06:35:41 INFO  Benchmark_Timer - Begin run:  2M test:  with 100 runs
2021-12-02 06:38:57 INFO  Benchmark_Timer - Begin run:  2M test:  with 100 runs
2021-12-02 06:42:56 DEBUG Config - Config.get(helper, instrument) = false
2021-12-02 06:42:59 INFO  Benchmark_Timer - Begin run:  1M test:  with 100 runs
2021-12-02 06:44:45 INFO  Benchmark_Timer - Begin run:  1M test:  with 100 runs
2021-12-02 06:45:41 DEBUG Config - Config.get(helper, instrument) = false
2021-12-02 06:50:43 DEBUG Config - Config.get(helper, instrument) = false
2021-12-02 06:50:46 INFO  Benchmark_Timer - Begin run:  2M test:  with 100 runs
2021-12-02 06:54:25 INFO  Benchmark_Timer - Begin run:  2M test:  with 100 runs
2021-12-02 17:21:44 DEBUG Config - Config.get(helper, instrument) = false
2021-12-02 17:21:47 INFO  Benchmark_Timer - Begin run:  4M test:  with 100 runs
2021-12-02 17:30:57 DEBUG Config - Config.get(helper, instrument) = false
2021-12-02 17:30:59 INFO  Benchmark_Timer - Begin run:  250K test:  with 100 runs
2021-12-02 17:31:19 INFO  Benchmark_Timer - Begin run:  250K test:  with 100 runs
2021-12-02 17:31:37 INFO  Benchmark_Timer - Begin run:  250K test:  with 100 runs
2021-12-02 17:31:55 INFO  Benchmark_Timer - Begin run:  250K test:  with 100 runs
2021-12-02 17:36:05 DEBUG Config - Config.get(helper, instrument) = false
2021-12-02 17:36:08 INFO  Benchmark_Timer - Begin run:  500K test:  with 100 runs
2021-12-02 17:36:56 INFO  Benchmark_Timer - Begin run:  500K test:  with 100 runs
2021-12-02 17:37:43 INFO  Benchmark_Timer - Begin run:  500K test:  with 100 runs
2021-12-02 17:38:30 INFO  Benchmark_Timer - Begin run:  500K test:  with 100 runs
2021-12-02 17:41:49 INFO  Benchmark_Timer - Begin run:  1M test:  with 100 runs
2021-12-02 20:19:13 DEBUG Config - Config.get(helper, instrument) = false
2021-12-02 20:36:30 DEBUG Config - Config.get(helper, instrument) = false
2021-12-02 20:41:31 DEBUG Config - Config.get(helper, instrument) = false
2021-12-02 20:41:31 INFO  Benchmark_Timer - Begin run: test with 100 runs
2021-12-02 20:41:31 INFO  Benchmark_Timer - Begin run: test1 with 100 runs
2021-12-02 20:42:40 DEBUG Config - Config.get(helper, instrument) = false
2021-12-02 20:42:41 INFO  Benchmark_Timer - Begin run: test with 100 runs
2021-12-02 20:42:41 INFO  Benchmark_Timer - Begin run: test1 with 100 runs
2021-12-02 20:42:56 DEBUG Config - Config.get(helper, instrument) = false
2021-12-02 20:42:56 INFO  Benchmark_Timer - Begin run: test with 100 runs
2021-12-02 20:42:56 INFO  Benchmark_Timer - Begin run: test1 with 100 runs
2021-12-02 21:02:08 INFO  Benchmark_Timer - Begin run: test  with 100 runs
2021-12-02 21:02:08 INFO  Benchmark_Timer - Begin run: test1  with 100 runs
2021-12-02 21:02:22 INFO  Benchmark_Timer - Begin run: test  with 100 runs
2021-12-02 21:02:22 INFO  Benchmark_Timer - Begin run: test1  with 100 runs
2021-12-02 21:03:39 INFO  Benchmark_Timer - Begin run: test  with 100 runs
2021-12-02 21:03:40 INFO  Benchmark_Timer - Begin run: test1  with 100 runs
2021-12-02 21:04:26 INFO  Benchmark_Timer - Begin run: test  with 100 runs
2021-12-02 21:04:26 INFO  Benchmark_Timer - Begin run: test1  with 100 runs
2021-12-02 21:12:31 INFO  Benchmark_Timer - Begin run: test  with 100 runs
2021-12-02 21:12:31 INFO  Benchmark_Timer - Begin run: test1  with 100 runs
2021-12-02 21:12:45 INFO  Benchmark_Timer - Begin run: test  with 100 runs
2021-12-02 21:12:45 INFO  Benchmark_Timer - Begin run: test1  with 100 runs
2021-12-02 21:18:02 INFO  Benchmark_Timer - Begin run: test  with 100 runs
2021-12-02 21:18:02 INFO  Benchmark_Timer - Begin run: test1  with 100 runs
2021-12-02 21:18:20 INFO  Benchmark_Timer - Begin run: test  with 100 runs
2021-12-02 21:18:20 INFO  Benchmark_Timer - Begin run: test1  with 100 runs
2021-12-02 21:19:49 INFO  Benchmark_Timer - Begin run: test  with 100 runs
2021-12-02 21:19:49 INFO  Benchmark_Timer - Begin run: test1  with 100 runs
2021-12-02 21:19:55 INFO  Benchmark_Timer - Begin run: test  with 100 runs
2021-12-02 21:19:55 INFO  Benchmark_Timer - Begin run: test1  with 100 runs
2021-12-02 21:38:40 INFO  Benchmark_Timer - Begin run: test  with 100 runs
2021-12-02 21:38:43 INFO  Benchmark_Timer - Begin run: test1  with 100 runs
2021-12-02 21:38:54 INFO  Benchmark_Timer - Begin run: test  with 100 runs
2021-12-02 21:38:57 INFO  Benchmark_Timer - Begin run: test1  with 100 runs
2021-12-02 21:39:32 INFO  Benchmark_Timer - Begin run: test  with 100 runs
2021-12-02 21:39:35 INFO  Benchmark_Timer - Begin run: test1  with 100 runs
2021-12-02 22:25:36 INFO  Benchmark_Timer - Begin run: test  with 100 runs
2021-12-02 22:25:36 INFO  Benchmark_Timer - Begin run: test1  with 100 runs
2021-12-02 22:26:16 INFO  Benchmark_Timer - Begin run: test  with 100 runs
2021-12-02 22:26:16 INFO  Benchmark_Timer - Begin run: test1  with 100 runs
2021-12-02 22:26:29 INFO  Benchmark_Timer - Begin run: test  with 100 runs
2021-12-02 22:26:29 INFO  Benchmark_Timer - Begin run: test1  with 100 runs
2021-12-02 22:44:31 INFO  Benchmark_Timer - Begin run: test  with 100 runs
2021-12-02 22:44:31 INFO  Benchmark_Timer - Begin run: test1  with 100 runs
2021-12-02 22:45:49 INFO  Benchmark_Timer - Begin run: test  with 100 runs
2021-12-02 22:45:50 INFO  Benchmark_Timer - Begin run: test1  with 100 runs
2021-12-02 22:47:11 INFO  Benchmark_Timer - Begin run: test  with 100 runs
2021-12-02 22:47:11 INFO  Benchmark_Timer - Begin run: test1  with 100 runs
2021-12-02 22:48:44 INFO  Benchmark_Timer - Begin run: test  with 100 runs
2021-12-02 22:48:44 INFO  Benchmark_Timer - Begin run: test1  with 100 runs
2021-12-02 22:53:16 INFO  Benchmark_Timer - Begin run:  1M test:  with 100 runs
2021-12-02 22:55:17 INFO  Benchmark_Timer - Begin run:  1M test:  with 100 runs
2021-12-02 22:57:08 INFO  Benchmark_Timer - Begin run:  1M test:  with 100 runs
2021-12-02 22:58:59 INFO  Benchmark_Timer - Begin run:  1M test:  with 100 runs
2021-12-02 23:00:49 INFO  Benchmark_Timer - Begin run:  1M test:  with 100 runs
2021-12-02 23:03:54 INFO  Benchmark_Timer - Begin run: test  with 100 runs
2021-12-02 23:03:54 INFO  Benchmark_Timer - Begin run: test1  with 100 runs
2021-12-02 23:04:27 INFO  Benchmark_Timer - Begin run:  500K test:  with 100 runs
2021-12-02 23:14:52 INFO  Benchmark_Timer - Begin run:  500K test:  with 100 runs
2021-12-02 23:15:30 INFO  Benchmark_Timer - Begin run:  500K test:  with 100 runs
2021-12-02 23:16:05 INFO  Benchmark_Timer - Begin run:  500K test:  with 100 runs
2021-12-02 23:19:21 INFO  Benchmark_Timer - Begin run:  250K test:  with 100 runs
2021-12-02 23:22:44 INFO  Benchmark_Timer - Begin run: test  with 100 runs
2021-12-02 23:22:44 INFO  Benchmark_Timer - Begin run: test1  with 100 runs
2021-12-02 23:23:02 INFO  Benchmark_Timer - Begin run:  250K test:  with 100 runs
2021-12-02 23:24:09 INFO  Benchmark_Timer - Begin run:  250K test:  with 100 runs
2021-12-02 23:24:16 INFO  Benchmark_Timer - Begin run:  250K test:  with 100 runs
2021-12-02 23:24:23 INFO  Benchmark_Timer - Begin run:  250K test:  with 100 runs
2021-12-02 23:24:51 INFO  Benchmark_Timer - Begin run:  250K test:  with 100 runs
2021-12-02 23:29:25 INFO  Benchmark_Timer - Begin run:  250K test:  with 100 runs
2021-12-02 23:30:40 INFO  Benchmark_Timer - Begin run:  250K test:  with 100 runs
2021-12-03 00:12:31 INFO  Benchmark_Timer - Begin run:  250K test:  with 10 runs
2021-12-03 00:12:34 INFO  Benchmark_Timer - Begin run:  250K test:  with 10 runs
2021-12-03 00:12:37 INFO  Benchmark_Timer - Begin run:  250K test:  with 10 runs
2021-12-03 00:12:39 INFO  Benchmark_Timer - Begin run:  250K test:  with 10 runs
2021-12-03 00:12:42 INFO  Benchmark_Timer - Begin run:  250K test:  with 10 runs
2021-12-03 00:24:45 INFO  Benchmark_Timer - Begin run:  250K test:  with 100 runs
2021-12-03 00:25:48 INFO  Benchmark_Timer - Begin run:  250K test:  with 10 runs
2021-12-03 00:26:58 INFO  Benchmark_Timer - Begin run:  250K test:  with 10 runs
2021-12-03 00:33:01 INFO  Benchmark_Timer - Begin run:  250K test:  with 10 runs
2021-12-03 00:41:34 INFO  Benchmark_Timer - Begin run:  250K test:  with 1 runs
2021-12-03 01:00:33 INFO  Benchmark_Timer - Begin run: test  with 100 runs
2021-12-03 01:00:33 INFO  Benchmark_Timer - Begin run: test1  with 100 runs
2021-12-03 01:01:19 INFO  Benchmark_Timer - Begin run: test  with 100 runs
2021-12-03 01:01:41 INFO  Benchmark_Timer - Begin run: test  with 100 runs
2021-12-03 01:01:41 INFO  Benchmark_Timer - Begin run: test1  with 100 runs
2021-12-03 01:02:00 INFO  Benchmark_Timer - Begin run: test  with 100 runs
2021-12-03 01:02:00 INFO  Benchmark_Timer - Begin run: test1  with 100 runs
2021-12-03 01:02:11 INFO  Benchmark_Timer - Begin run: test  with 100 runs
2021-12-03 01:02:11 INFO  Benchmark_Timer - Begin run: test1  with 100 runs
2021-12-03 01:02:31 INFO  Benchmark_Timer - Begin run: test  with 100 runs
2021-12-03 01:02:31 INFO  Benchmark_Timer - Begin run: test1  with 100 runs
2021-12-03 01:02:36 INFO  Benchmark_Timer - Begin run: test  with 100 runs
2021-12-03 01:02:37 INFO  Benchmark_Timer - Begin run: test1  with 100 runs
2021-12-03 01:02:57 INFO  Benchmark_Timer - Begin run: test  with 100 runs
2021-12-03 01:02:58 INFO  Benchmark_Timer - Begin run: test1  with 100 runs
2021-12-03 01:03:30 INFO  Benchmark_Timer - Begin run:  250K test:  with 10 runs
2021-12-03 01:12:47 INFO  Benchmark_Timer - Begin run:  250K test:  with 10 runs
2021-12-03 14:02:25 INFO  Benchmark_Timer - Begin run:  250K test:  with 10 runs
2021-12-03 14:02:26 INFO  Benchmark_Timer - Begin run:  250K test:  with 10 runs
2021-12-03 14:02:27 INFO  Benchmark_Timer - Begin run:  250K test:  with 10 runs
2021-12-03 14:02:27 INFO  Benchmark_Timer - Begin run:  250K test:  with 10 runs
2021-12-03 14:02:28 INFO  Benchmark_Timer - Begin run:  250K test:  with 10 runs
2021-12-03 14:02:28 INFO  Benchmark_Timer - Begin run:  250K test:  with 10 runs
2021-12-03 14:02:29 INFO  Benchmark_Timer - Begin run:  250K test:  with 10 runs
2021-12-03 14:02:29 INFO  Benchmark_Timer - Begin run:  250K test:  with 10 runs
2021-12-03 14:02:57 INFO  Benchmark_Timer - Begin run:  250K test:  with 10 runs
2021-12-03 14:03:00 INFO  Benchmark_Timer - Begin run:  250K test:  with 10 runs
2021-12-03 14:03:03 INFO  Benchmark_Timer - Begin run:  250K test:  with 10 runs
2021-12-03 14:03:05 INFO  Benchmark_Timer - Begin run:  250K test:  with 10 runs
2021-12-03 14:03:07 INFO  Benchmark_Timer - Begin run:  250K test:  with 10 runs
2021-12-03 14:03:10 INFO  Benchmark_Timer - Begin run:  250K test:  with 10 runs
2021-12-03 14:03:12 INFO  Benchmark_Timer - Begin run:  250K test:  with 10 runs
2021-12-03 14:03:15 INFO  Benchmark_Timer - Begin run:  250K test:  with 10 runs
2021-12-03 14:05:17 INFO  Benchmark_Timer - Begin run:  250K test:  with 10 runs
2021-12-03 14:05:20 INFO  Benchmark_Timer - Begin run:  250K test:  with 10 runs
2021-12-03 14:05:22 INFO  Benchmark_Timer - Begin run:  250K test:  with 10 runs
2021-12-03 14:05:25 INFO  Benchmark_Timer - Begin run:  250K test:  with 10 runs
2021-12-03 14:05:27 INFO  Benchmark_Timer - Begin run:  250K test:  with 10 runs
2021-12-03 14:05:30 INFO  Benchmark_Timer - Begin run:  250K test:  with 10 runs
2021-12-03 14:05:32 INFO  Benchmark_Timer - Begin run:  250K test:  with 10 runs
2021-12-03 14:05:35 INFO  Benchmark_Timer - Begin run:  250K test:  with 10 runs
2021-12-03 14:05:37 INFO  Benchmark_Timer - Begin run:  500K test:  with 10 runs
2021-12-03 14:05:43 INFO  Benchmark_Timer - Begin run:  500K test:  with 10 runs
2021-12-03 14:05:49 INFO  Benchmark_Timer - Begin run:  500K test:  with 10 runs
2021-12-03 14:05:55 INFO  Benchmark_Timer - Begin run:  500K test:  with 10 runs
2021-12-03 14:06:01 INFO  Benchmark_Timer - Begin run:  500K test:  with 10 runs
2021-12-03 14:06:07 INFO  Benchmark_Timer - Begin run:  500K test:  with 10 runs
2021-12-03 14:06:13 INFO  Benchmark_Timer - Begin run:  500K test:  with 10 runs
2021-12-03 14:06:19 INFO  Benchmark_Timer - Begin run:  500K test:  with 10 runs
2021-12-03 14:06:25 INFO  Benchmark_Timer - Begin run:  1M test:  with 10 runs
2021-12-03 14:06:39 INFO  Benchmark_Timer - Begin run:  1M test:  with 10 runs
2021-12-03 14:06:53 INFO  Benchmark_Timer - Begin run:  1M test:  with 10 runs
2021-12-03 14:07:11 INFO  Benchmark_Timer - Begin run:  1M test:  with 10 runs
2021-12-03 14:07:24 INFO  Benchmark_Timer - Begin run:  1M test:  with 10 runs
2021-12-03 14:07:41 INFO  Benchmark_Timer - Begin run:  1M test:  with 10 runs
2021-12-03 14:08:00 INFO  Benchmark_Timer - Begin run:  1M test:  with 10 runs
2021-12-03 14:08:13 INFO  Benchmark_Timer - Begin run:  1M test:  with 10 runs
2021-12-03 14:08:28 INFO  Benchmark_Timer - Begin run:  2M test:  with 10 runs
2021-12-03 14:09:00 INFO  Benchmark_Timer - Begin run:  250K test:  with 10 runs
2021-12-03 14:09:05 INFO  Benchmark_Timer - Begin run:  250K test:  with 10 runs
2021-12-03 14:09:11 INFO  Benchmark_Timer - Begin run:  250K test:  with 10 runs
2021-12-03 14:09:17 INFO  Benchmark_Timer - Begin run:  250K test:  with 10 runs
2021-12-03 14:09:24 INFO  Benchmark_Timer - Begin run:  250K test:  with 10 runs
2021-12-03 14:09:28 INFO  Benchmark_Timer - Begin run:  250K test:  with 10 runs
2021-12-03 14:09:33 INFO  Benchmark_Timer - Begin run:  250K test:  with 10 runs
2021-12-03 14:09:37 INFO  Benchmark_Timer - Begin run:  250K test:  with 10 runs
2021-12-03 14:10:09 INFO  Benchmark_Timer - Begin run:  250K test:  with 10 runs
2021-12-03 14:10:16 INFO  Benchmark_Timer - Begin run:  250K test:  with 10 runs
2021-12-03 14:10:20 INFO  Benchmark_Timer - Begin run:  250K test:  with 10 runs
2021-12-03 14:10:26 INFO  Benchmark_Timer - Begin run:  250K test:  with 10 runs
2021-12-03 14:10:30 INFO  Benchmark_Timer - Begin run:  250K test:  with 10 runs
2021-12-03 14:10:40 INFO  Benchmark_Timer - Begin run:  250K test:  with 10 runs
2021-12-03 14:10:44 INFO  Benchmark_Timer - Begin run:  250K test:  with 10 runs
2021-12-03 14:10:48 INFO  Benchmark_Timer - Begin run:  250K test:  with 10 runs
2021-12-03 14:19:07 INFO  Benchmark_Timer - Begin run:  250K test:  with 10 runs
2021-12-03 14:19:27 INFO  Benchmark_Timer - Begin run:  250K test:  with 10 runs
2021-12-03 14:19:48 INFO  Benchmark_Timer - Begin run:  250K test:  with 10 runs
2021-12-03 14:20:15 INFO  Benchmark_Timer - Begin run:  250K test:  with 10 runs
2021-12-03 14:20:37 INFO  Benchmark_Timer - Begin run:  250K test:  with 10 runs
2021-12-03 14:21:02 INFO  Benchmark_Timer - Begin run:  250K test:  with 10 runs
2021-12-03 14:21:20 INFO  Benchmark_Timer - Begin run:  250K test:  with 10 runs
2021-12-03 14:21:42 INFO  Benchmark_Timer - Begin run:  250K test:  with 10 runs
2021-12-03 14:22:26 INFO  Benchmark_Timer - Begin run:  250K test:  with 10 runs
2021-12-03 14:22:32 INFO  Benchmark_Timer - Begin run:  250K test:  with 10 runs
2021-12-03 14:22:38 INFO  Benchmark_Timer - Begin run:  250K test:  with 10 runs
2021-12-03 14:22:45 INFO  Benchmark_Timer - Begin run:  250K test:  with 10 runs
2021-12-03 14:22:51 INFO  Benchmark_Timer - Begin run:  250K test:  with 10 runs
2021-12-03 14:22:57 INFO  Benchmark_Timer - Begin run:  250K test:  with 10 runs
2021-12-03 14:23:03 INFO  Benchmark_Timer - Begin run:  250K test:  with 10 runs
2021-12-03 14:23:08 INFO  Benchmark_Timer - Begin run:  250K test:  with 10 runs
2021-12-03 14:50:50 INFO  Benchmark_Timer - Begin run:  250K test:  with 10 runs
2021-12-03 14:52:00 INFO  Benchmark_Timer - Begin run:  250K test:  with 10 runs
2021-12-03 14:53:10 INFO  Benchmark_Timer - Begin run:  250K test:  with 10 runs
2021-12-03 14:53:41 INFO  Benchmark_Timer - Begin run:  250K test:  with 10 runs
2021-12-03 14:54:04 INFO  Benchmark_Timer - Begin run:  250K test:  with 10 runs
2021-12-03 14:54:23 INFO  Benchmark_Timer - Begin run:  250K test:  with 10 runs
2021-12-03 14:54:25 INFO  Benchmark_Timer - Begin run:  250K test:  with 10 runs
2021-12-03 14:54:46 INFO  Benchmark_Timer - Begin run:  250K test:  with 10 runs
2021-12-03 14:55:06 INFO  Benchmark_Timer - Begin run:  250K test:  with 10 runs
2021-12-03 14:55:18 INFO  Benchmark_Timer - Begin run:  250K test:  with 10 runs
2021-12-03 14:55:20 INFO  Benchmark_Timer - Begin run:  250K test:  with 10 runs
2021-12-03 14:55:21 INFO  Benchmark_Timer - Begin run:  250K test:  with 10 runs
2021-12-03 14:55:22 INFO  Benchmark_Timer - Begin run:  250K test:  with 10 runs
2021-12-03 14:55:23 INFO  Benchmark_Timer - Begin run:  250K test:  with 10 runs
2021-12-03 14:55:24 INFO  Benchmark_Timer - Begin run:  250K test:  with 10 runs
2021-12-03 14:55:25 INFO  Benchmark_Timer - Begin run:  250K test:  with 10 runs
2021-12-03 14:55:26 INFO  Benchmark_Timer - Begin run:  250K test:  with 10 runs
2021-12-03 14:55:27 INFO  Benchmark_Timer - Begin run:  500K test:  with 10 runs
2021-12-03 14:55:29 INFO  Benchmark_Timer - Begin run:  250K test:  with 10 runs
2021-12-03 14:55:30 INFO  Benchmark_Timer - Begin run:  500K test:  with 10 runs
2021-12-03 14:55:32 INFO  Benchmark_Timer - Begin run:  500K test:  with 10 runs
2021-12-03 14:55:33 INFO  Benchmark_Timer - Begin run:  250K test:  with 10 runs
2021-12-03 14:55:34 INFO  Benchmark_Timer - Begin run:  250K test:  with 10 runs
2021-12-03 14:55:35 INFO  Benchmark_Timer - Begin run:  500K test:  with 10 runs
2021-12-03 14:55:35 INFO  Benchmark_Timer - Begin run:  250K test:  with 10 runs
2021-12-03 14:55:36 INFO  Benchmark_Timer - Begin run:  250K test:  with 10 runs
2021-12-03 14:55:37 INFO  Benchmark_Timer - Begin run:  250K test:  with 10 runs
2021-12-03 14:55:37 INFO  Benchmark_Timer - Begin run:  250K test:  with 10 runs
2021-12-03 14:55:37 INFO  Benchmark_Timer - Begin run:  500K test:  with 10 runs
2021-12-03 14:55:38 INFO  Benchmark_Timer - Begin run:  250K test:  with 10 runs
2021-12-03 14:55:39 INFO  Benchmark_Timer - Begin run:  250K test:  with 10 runs
2021-12-03 14:55:39 INFO  Benchmark_Timer - Begin run:  250K test:  with 10 runs
2021-12-03 14:55:40 INFO  Benchmark_Timer - Begin run:  500K test:  with 10 runs
2021-12-03 14:55:40 INFO  Benchmark_Timer - Begin run:  500K test:  with 10 runs
2021-12-03 14:55:42 INFO  Benchmark_Timer - Begin run:  500K test:  with 10 runs
2021-12-03 14:55:43 INFO  Benchmark_Timer - Begin run:  500K test:  with 10 runs
2021-12-03 14:55:45 INFO  Benchmark_Timer - Begin run:  500K test:  with 10 runs
2021-12-03 14:55:45 INFO  Benchmark_Timer - Begin run:  500K test:  with 10 runs
2021-12-03 14:55:47 INFO  Benchmark_Timer - Begin run:  500K test:  with 10 runs
2021-12-03 14:55:48 INFO  Benchmark_Timer - Begin run:  1M test:  with 10 runs
2021-12-03 14:55:49 INFO  Benchmark_Timer - Begin run:  500K test:  with 10 runs
2021-12-03 14:55:51 INFO  Benchmark_Timer - Begin run:  500K test:  with 10 runs
2021-12-03 14:55:53 INFO  Benchmark_Timer - Begin run:  1M test:  with 10 runs
2021-12-03 14:55:53 INFO  Benchmark_Timer - Begin run:  500K test:  with 10 runs
2021-12-03 14:55:55 INFO  Benchmark_Timer - Begin run:  250K test:  with 10 runs
2021-12-03 14:55:55 INFO  Benchmark_Timer - Begin run:  500K test:  with 10 runs
2021-12-03 14:55:57 INFO  Benchmark_Timer - Begin run:  1M test:  with 10 runs
2021-12-03 14:55:58 INFO  Benchmark_Timer - Begin run:  1M test:  with 10 runs
2021-12-03 14:56:02 INFO  Benchmark_Timer - Begin run:  1M test:  with 10 runs
2021-12-03 14:56:03 INFO  Benchmark_Timer - Begin run:  1M test:  with 10 runs
2021-12-03 14:56:06 INFO  Benchmark_Timer - Begin run:  1M test:  with 10 runs
2021-12-03 14:56:07 INFO  Benchmark_Timer - Begin run:  1M test:  with 10 runs
2021-12-03 14:56:10 INFO  Benchmark_Timer - Begin run:  1M test:  with 10 runs
2021-12-03 14:56:12 INFO  Benchmark_Timer - Begin run:  1M test:  with 10 runs
2021-12-03 14:56:17 INFO  Benchmark_Timer - Begin run:  1M test:  with 10 runs
2021-12-03 14:56:19 INFO  Benchmark_Timer - Begin run:  250K test:  with 10 runs
2021-12-03 14:56:21 INFO  Benchmark_Timer - Begin run:  1M test:  with 10 runs
2021-12-03 14:56:26 INFO  Benchmark_Timer - Begin run:  2M test:  with 10 runs
2021-12-03 19:06:06 DEBUG Config - Config.get(helper, instrument) = false
2021-12-03 19:06:21 DEBUG Config - Config.get(helper, instrument) = false
2021-12-03 19:06:36 DEBUG Config - Config.get(helper, instrument) = false
2021-12-03 19:23:02 DEBUG Config - Config.get(helper, instrument) = false
2021-12-03 19:24:34 INFO  Benchmark_Timer - Begin run:  250K test:  with 10 runs
2021-12-03 19:25:06 INFO  Benchmark_Timer - Begin run:  250K test:  with 10 runs
2021-12-03 19:25:36 INFO  Benchmark_Timer - Begin run:  250K test:  with 10 runs
2021-12-03 19:26:07 INFO  Benchmark_Timer - Begin run:  250K test:  with 10 runs
2021-12-03 19:26:37 INFO  Benchmark_Timer - Begin run:  250K test:  with 10 runs
2021-12-03 19:27:07 INFO  Benchmark_Timer - Begin run:  250K test:  with 10 runs
2021-12-03 19:27:21 INFO  Benchmark_Timer - Begin run:  250K test:  with 10 runs
2021-12-03 19:27:21 DEBUG Config - Config.get(helper, instrument) = false
2021-12-03 19:27:52 INFO  Benchmark_Timer - Begin run:  250K test:  with 10 runs
2021-12-03 19:29:58 DEBUG Config - Config.get(helper, instrument) = false
2021-12-03 19:30:01 INFO  Benchmark_Timer - Begin run:  250K test:  with 10 runs
2021-12-03 19:30:17 INFO  Benchmark_Timer - Begin run:  250K test:  with 10 runs
2021-12-03 19:30:17 DEBUG Config - Config.get(helper, instrument) = false
2021-12-03 19:30:33 INFO  Benchmark_Timer - Begin run:  250K test:  with 10 runs
2021-12-03 19:30:48 INFO  Benchmark_Timer - Begin run:  250K test:  with 10 runs
2021-12-03 19:31:04 INFO  Benchmark_Timer - Begin run:  250K test:  with 10 runs
2021-12-03 19:31:12 INFO  Benchmark_Timer - Begin run:  250K test:  with 10 runs
2021-12-03 19:31:18 INFO  Benchmark_Timer - Begin run:  250K test:  with 10 runs
2021-12-03 19:31:37 INFO  Benchmark_Timer - Begin run:  250K test:  with 10 runs
2021-12-03 19:31:41 INFO  Benchmark_Timer - Begin run:  250K test:  with 10 runs
2021-12-03 19:31:49 INFO  Benchmark_Timer - Begin run:  250K test:  with 10 runs
2021-12-03 19:32:09 INFO  Benchmark_Timer - Begin run:  250K test:  with 10 runs
2021-12-03 19:32:10 INFO  Benchmark_Timer - Begin run:  250K test:  with 10 runs
2021-12-03 19:32:10 INFO  Benchmark_Timer - Begin run:  250K test:  with 10 runs
2021-12-03 19:32:21 INFO  Benchmark_Timer - Begin run:  250K test:  with 10 runs
2021-12-03 19:32:41 INFO  Benchmark_Timer - Begin run:  250K test:  with 10 runs
2021-12-03 19:32:42 INFO  Benchmark_Timer - Begin run:  250K test:  with 10 runs
2021-12-03 19:32:46 INFO  Benchmark_Timer - Begin run:  250K test:  with 10 runs
2021-12-03 19:32:54 INFO  Benchmark_Timer - Begin run:  250K test:  with 10 runs
2021-12-03 19:33:11 INFO  Benchmark_Timer - Begin run:  250K test:  with 10 runs
2021-12-03 19:33:12 INFO  Benchmark_Timer - Begin run:  250K test:  with 10 runs
2021-12-03 19:33:21 INFO  Benchmark_Timer - Begin run:  250K test:  with 10 runs
2021-12-03 19:34:23 INFO  Benchmark_Timer - Begin run:  250K test:  with 10 runs
2021-12-03 19:34:53 INFO  Benchmark_Timer - Begin run:  250K test:  with 10 runs
2021-12-03 19:35:07 INFO  Benchmark_Timer - Begin run:  250K test:  with 10 runs
2021-12-03 19:35:24 INFO  Benchmark_Timer - Begin run:  250K test:  with 10 runs
2021-12-03 19:35:55 INFO  Benchmark_Timer - Begin run:  250K test:  with 10 runs
2021-12-03 19:36:20 INFO  Benchmark_Timer - Begin run:  250K test:  with 10 runs
2021-12-03 19:36:26 INFO  Benchmark_Timer - Begin run:  250K test:  with 10 runs
2021-12-03 19:36:45 INFO  Benchmark_Timer - Begin run:  250K test:  with 10 runs
2021-12-03 19:36:48 INFO  Benchmark_Timer - Begin run:  250K test:  with 10 runs
2021-12-03 19:36:55 INFO  Benchmark_Timer - Begin run:  250K test:  with 10 runs
2021-12-03 19:37:26 INFO  Benchmark_Timer - Begin run:  250K test:  with 10 runs
2021-12-03 19:37:52 INFO  Benchmark_Timer - Begin run:  250K test:  with 10 runs
2021-12-03 19:38:03 INFO  Benchmark_Timer - Begin run:  250K test:  with 10 runs
2021-12-03 19:38:18 INFO  Benchmark_Timer - Begin run:  250K test:  with 10 runs
2021-12-03 19:38:31 INFO  Benchmark_Timer - Begin run:  250K test:  with 10 runs
2021-12-03 19:38:43 INFO  Benchmark_Timer - Begin run:  250K test:  with 10 runs
2021-12-03 19:38:44 INFO  Benchmark_Timer - Begin run:  250K test:  with 10 runs
2021-12-03 19:38:58 INFO  Benchmark_Timer - Begin run:  250K test:  with 10 runs
2021-12-03 19:39:11 INFO  Benchmark_Timer - Begin run:  250K test:  with 10 runs
2021-12-03 19:39:21 INFO  Benchmark_Timer - Begin run: test  with 100 runs
2021-12-03 19:39:21 INFO  Benchmark_Timer - Begin run: test1  with 100 runs
2021-12-03 19:39:21 DEBUG Config - Config.get(helper, instrument) = false
2021-12-03 19:39:21 INFO  Benchmark_Timer - Begin run: test with 100 runs
2021-12-03 19:39:21 INFO  Benchmark_Timer - Begin run: test1 with 100 runs
2021-12-03 19:39:21 INFO  Benchmark_Timer - Begin run: test  with 100 runs
2021-12-03 19:39:21 INFO  Benchmark_Timer - Begin run: test1  with 100 runs
2021-12-03 19:39:21 INFO  Benchmark_Timer - Begin run: test  with 100 runs
2021-12-03 19:39:21 INFO  Benchmark_Timer - Begin run: test1  with 100 runs
2021-12-03 19:39:21 INFO  Benchmark_Timer - Begin run: test  with 100 runs
2021-12-03 19:39:21 INFO  Benchmark_Timer - Begin run: test1  with 100 runs
2021-12-03 19:39:21 INFO  Benchmark_Timer - Begin run: test  with 100 runs
2021-12-03 19:39:21 INFO  Benchmark_Timer - Begin run: test1  with 100 runs
2021-12-03 19:39:21 INFO  Benchmark_Timer - Begin run: test  with 100 runs
2021-12-03 19:39:21 INFO  Benchmark_Timer - Begin run: test1  with 100 runs
2021-12-03 19:39:26 INFO  Benchmark_Timer - Begin run:  250K test:  with 10 runs
2021-12-03 19:39:31 INFO  Benchmark_Timer - Begin run: test  with 100 runs
2021-12-03 19:39:31 INFO  Benchmark_Timer - Begin run: test1  with 100 runs
2021-12-03 19:39:31 INFO  Benchmark_Timer - Begin run: test  with 100 runs
2021-12-03 19:39:31 INFO  Benchmark_Timer - Begin run: test1  with 100 runs
2021-12-03 19:39:31 INFO  Benchmark_Timer - Begin run: test  with 100 runs
2021-12-03 19:39:32 INFO  Benchmark_Timer - Begin run: test1  with 100 runs
2021-12-03 19:39:32 INFO  Benchmark_Timer - Begin run: test  with 100 runs
2021-12-03 19:39:32 INFO  Benchmark_Timer - Begin run: test1  with 100 runs
2021-12-03 19:39:32 INFO  Benchmark_Timer - Begin run: test  with 100 runs
2021-12-03 19:39:32 INFO  Benchmark_Timer - Begin run: test1  with 100 runs
2021-12-03 19:39:32 INFO  Benchmark_Timer - Begin run: test  with 100 runs
2021-12-03 19:39:32 INFO  Benchmark_Timer - Begin run: test1  with 100 runs
2021-12-03 19:39:38 INFO  Benchmark_Timer - Begin run:  250K test:  with 10 runs
2021-12-03 19:40:46 INFO  Benchmark_Timer - Begin run:  250K test:  with 10 runs
2021-12-03 19:50:50 INFO  Benchmark_Timer - Begin run:  250K test:  with 10 runs
2021-12-03 19:52:22 INFO  Benchmark_Timer - Begin run:  250K test:  with 10 runs
2021-12-03 19:54:34 INFO  Benchmark_Timer - Begin run:  250K test:  with 10 runs
2021-12-03 19:55:02 INFO  Benchmark_Timer - Begin run:  250K test:  with 10 runs
2021-12-03 19:56:18 INFO  Benchmark_Timer - Begin run:  250K test:  with 10 runs
2021-12-03 19:57:55 INFO  Benchmark_Timer - Begin run:  250K test:  with 10 runs
2021-12-03 19:59:28 INFO  Benchmark_Timer - Begin run:  250K test:  with 10 runs
2021-12-03 20:00:51 INFO  Benchmark_Timer - Begin run:  250K test:  with 10 runs
2021-12-03 20:02:22 INFO  Benchmark_Timer - Begin run:  250K test:  with 10 runs
2021-12-03 20:03:52 INFO  Benchmark_Timer - Begin run:  250K test:  with 10 runs
2021-12-03 20:05:22 INFO  Benchmark_Timer - Begin run:  250K test:  with 10 runs
2021-12-03 20:06:52 INFO  Benchmark_Timer - Begin run:  250K test:  with 10 runs
2021-12-03 20:08:21 INFO  Benchmark_Timer - Begin run:  250K test:  with 10 runs
2021-12-03 20:14:58 INFO  Benchmark_Timer - Begin run:  250K test:  with 10 runs
2021-12-03 20:15:24 INFO  Benchmark_Timer - Begin run:  250K test:  with 10 runs
2021-12-03 20:15:49 INFO  Benchmark_Timer - Begin run:  250K test:  with 10 runs
2021-12-03 20:16:13 INFO  Benchmark_Timer - Begin run:  250K test:  with 10 runs
2021-12-03 20:16:37 INFO  Benchmark_Timer - Begin run:  250K test:  with 10 runs
2021-12-03 20:17:01 INFO  Benchmark_Timer - Begin run:  250K test:  with 10 runs
2021-12-03 20:17:25 INFO  Benchmark_Timer - Begin run:  250K test:  with 10 runs
2021-12-03 20:17:50 INFO  Benchmark_Timer - Begin run:  250K test:  with 10 runs
2021-12-03 20:18:14 INFO  Benchmark_Timer - Begin run:  500K test:  with 10 runs
2021-12-03 20:18:39 INFO  Benchmark_Timer - Begin run:  250K test:  with 10 runs
2021-12-03 20:19:05 INFO  Benchmark_Timer - Begin run:  250K test:  with 10 runs
2021-12-03 20:19:21 INFO  Benchmark_Timer - Begin run:  250K test:  with 10 runs
2021-12-03 20:19:48 INFO  Benchmark_Timer - Begin run:  250K test:  with 10 runs
2021-12-03 20:20:13 INFO  Benchmark_Timer - Begin run:  250K test:  with 10 runs
2021-12-03 20:20:44 INFO  Benchmark_Timer - Begin run:  250K test:  with 10 runs
2021-12-03 20:22:38 INFO  Benchmark_Timer - Begin run:  250K test:  with 10 runs
2021-12-03 20:23:05 INFO  Benchmark_Timer - Begin run:  250K test:  with 10 runs
2021-12-03 20:23:05 DEBUG Config - Config.get(helper, instrument) = false
2021-12-03 20:23:35 INFO  Benchmark_Timer - Begin run:  250K test:  with 10 runs
2021-12-03 20:24:54 INFO  Benchmark_Timer - Begin run:  250K test:  with 10 runs
2021-12-03 20:25:25 INFO  Benchmark_Timer - Begin run:  250K test:  with 10 runs
2021-12-03 20:25:55 INFO  Benchmark_Timer - Begin run:  250K test:  with 10 runs
2021-12-03 20:26:24 INFO  Benchmark_Timer - Begin run:  250K test:  with 10 runs
2021-12-03 20:26:53 INFO  Benchmark_Timer - Begin run:  250K test:  with 10 runs
2021-12-03 21:21:08 INFO  Benchmark_Timer - Begin run:  250K test:  with 10 runs
2021-12-03 21:21:37 INFO  Benchmark_Timer - Begin run:  250K test:  with 10 runs
2021-12-03 21:22:04 INFO  Benchmark_Timer - Begin run:  250K test:  with 10 runs
2021-12-03 21:22:30 INFO  Benchmark_Timer - Begin run:  250K test:  with 10 runs
2021-12-03 21:22:56 INFO  Benchmark_Timer - Begin run:  250K test:  with 10 runs
2021-12-03 21:23:23 INFO  Benchmark_Timer - Begin run:  250K test:  with 10 runs
2021-12-03 21:23:49 INFO  Benchmark_Timer - Begin run:  250K test:  with 10 runs
2021-12-03 21:24:15 INFO  Benchmark_Timer - Begin run:  250K test:  with 10 runs
2021-12-03 21:24:41 INFO  Benchmark_Timer - Begin run:  500K test:  with 10 runs
2021-12-03 21:27:07 INFO  Benchmark_Timer - Begin run:  500K test:  with 10 runs
2021-12-03 21:27:29 INFO  Benchmark_Timer - Begin run:  1M test:  with 10 runs
2021-12-03 21:28:09 INFO  Benchmark_Timer - Begin run:  1M test:  with 10 runs
2021-12-03 21:28:47 INFO  Benchmark_Timer - Begin run:  1M test:  with 10 runs
2021-12-03 21:29:24 INFO  Benchmark_Timer - Begin run:  1M test:  with 10 runs
2021-12-03 21:30:02 INFO  Benchmark_Timer - Begin run:  1M test:  with 10 runs
2021-12-03 21:30:38 INFO  Benchmark_Timer - Begin run:  1M test:  with 10 runs
2021-12-03 21:31:15 INFO  Benchmark_Timer - Begin run:  1M test:  with 10 runs
2021-12-03 21:31:51 INFO  Benchmark_Timer - Begin run:  1M test:  with 10 runs
2021-12-03 21:32:29 INFO  Benchmark_Timer - Begin run:  2M test:  with 10 runs
2021-12-03 21:33:20 INFO  Benchmark_Timer - Begin run:  2M test:  with 10 runs
2021-12-03 21:34:10 INFO  Benchmark_Timer - Begin run:  2M test:  with 10 runs
2021-12-03 21:35:01 INFO  Benchmark_Timer - Begin run:  2M test:  with 10 runs
2021-12-03 21:35:55 INFO  Benchmark_Timer - Begin run:  2M test:  with 10 runs
2021-12-03 21:36:46 INFO  Benchmark_Timer - Begin run:  2M test:  with 10 runs
2021-12-03 21:37:36 INFO  Benchmark_Timer - Begin run:  2M test:  with 10 runs
2021-12-03 21:38:26 INFO  Benchmark_Timer - Begin run:  2M test:  with 10 runs
2021-12-03 21:39:16 INFO  Benchmark_Timer - Begin run:  4M test:  with 10 runs
2021-12-03 21:40:31 INFO  Benchmark_Timer - Begin run:  4M test:  with 10 runs
2021-12-03 21:41:46 INFO  Benchmark_Timer - Begin run:  4M test:  with 10 runs
2021-12-03 21:43:01 INFO  Benchmark_Timer - Begin run:  4M test:  with 10 runs
2021-12-03 21:44:20 INFO  Benchmark_Timer - Begin run:  4M test:  with 10 runs
2021-12-03 21:45:37 INFO  Benchmark_Timer - Begin run:  4M test:  with 10 runs
2021-12-03 21:46:53 INFO  Benchmark_Timer - Begin run:  4M test:  with 10 runs
2021-12-03 21:48:11 INFO  Benchmark_Timer - Begin run:  4M test:  with 10 runs
2021-12-03 21:55:22 INFO  Benchmark_Timer - Begin run:  500K test:  with 10 runs
2021-12-03 21:56:56 INFO  Benchmark_Timer - Begin run:  500K test:  with 10 runs
2021-12-03 21:57:29 INFO  Benchmark_Timer - Begin run:  500K test:  with 10 runs
2021-12-03 21:57:58 INFO  Benchmark_Timer - Begin run:  500K test:  with 10 runs
2021-12-03 21:58:27 INFO  Benchmark_Timer - Begin run:  500K test:  with 10 runs
2021-12-03 21:58:58 INFO  Benchmark_Timer - Begin run:  500K test:  with 10 runs
2021-12-03 21:59:27 INFO  Benchmark_Timer - Begin run:  500K test:  with 10 runs
2021-12-03 21:59:56 INFO  Benchmark_Timer - Begin run:  500K test:  with 10 runs
2021-12-03 22:00:25 INFO  Benchmark_Timer - Begin run:  500K test:  with 10 runs
2021-12-03 22:02:49 INFO  Benchmark_Timer - Begin run:  250K test:  with 10 runs
2021-12-03 22:02:49 DEBUG Config - Config.get(helper, instrument) = false
2021-12-03 22:03:17 INFO  Benchmark_Timer - Begin run:  250K test:  with 10 runs
2021-12-03 22:03:43 INFO  Benchmark_Timer - Begin run:  250K test:  with 10 runs
2021-12-03 22:04:09 INFO  Benchmark_Timer - Begin run:  250K test:  with 10 runs
2021-12-03 22:04:35 INFO  Benchmark_Timer - Begin run:  250K test:  with 10 runs
2021-12-03 22:05:01 INFO  Benchmark_Timer - Begin run:  250K test:  with 10 runs
2021-12-03 22:05:27 INFO  Benchmark_Timer - Begin run:  250K test:  with 10 runs
2021-12-03 22:05:53 INFO  Benchmark_Timer - Begin run:  250K test:  with 10 runs
2021-12-03 22:06:19 INFO  Benchmark_Timer - Begin run:  500K test:  with 10 runs
2021-12-03 22:06:49 INFO  Benchmark_Timer - Begin run:  500K test:  with 10 runs
2021-12-03 22:07:18 INFO  Benchmark_Timer - Begin run:  500K test:  with 10 runs
2021-12-03 22:07:47 INFO  Benchmark_Timer - Begin run:  500K test:  with 10 runs
2021-12-03 22:08:17 INFO  Benchmark_Timer - Begin run:  500K test:  with 10 runs
2021-12-03 22:08:47 INFO  Benchmark_Timer - Begin run:  500K test:  with 10 runs
2021-12-03 22:09:16 INFO  Benchmark_Timer - Begin run:  500K test:  with 10 runs
2021-12-03 22:09:49 INFO  Benchmark_Timer - Begin run:  500K test:  with 10 runs
2021-12-03 22:10:18 INFO  Benchmark_Timer - Begin run:  1M test:  with 10 runs
2021-12-03 22:10:54 INFO  Benchmark_Timer - Begin run:  1M test:  with 10 runs
2021-12-03 22:11:32 INFO  Benchmark_Timer - Begin run:  1M test:  with 10 runs
2021-12-03 22:12:10 INFO  Benchmark_Timer - Begin run:  1M test:  with 10 runs
2021-12-03 22:12:48 INFO  Benchmark_Timer - Begin run:  1M test:  with 10 runs
2021-12-03 22:13:26 INFO  Benchmark_Timer - Begin run:  1M test:  with 10 runs
2021-12-03 22:14:04 INFO  Benchmark_Timer - Begin run:  1M test:  with 10 runs
2021-12-03 22:14:42 INFO  Benchmark_Timer - Begin run:  1M test:  with 10 runs
2021-12-03 22:15:20 INFO  Benchmark_Timer - Begin run:  2M test:  with 10 runs
2021-12-03 22:16:08 INFO  Benchmark_Timer - Begin run:  2M test:  with 10 runs
2021-12-03 22:16:57 INFO  Benchmark_Timer - Begin run:  2M test:  with 10 runs
2021-12-03 22:17:46 INFO  Benchmark_Timer - Begin run:  2M test:  with 10 runs
2021-12-03 22:18:35 INFO  Benchmark_Timer - Begin run:  2M test:  with 10 runs
2021-12-03 22:19:24 INFO  Benchmark_Timer - Begin run:  2M test:  with 10 runs
2021-12-03 22:20:13 INFO  Benchmark_Timer - Begin run:  2M test:  with 10 runs
2021-12-03 22:21:01 INFO  Benchmark_Timer - Begin run:  2M test:  with 10 runs
2021-12-03 22:21:50 INFO  Benchmark_Timer - Begin run:  4M test:  with 10 runs
2021-12-03 22:22:59 INFO  Benchmark_Timer - Begin run:  4M test:  with 10 runs
2021-12-03 22:24:09 INFO  Benchmark_Timer - Begin run:  4M test:  with 10 runs
2021-12-03 22:25:19 INFO  Benchmark_Timer - Begin run:  4M test:  with 10 runs
2021-12-03 22:26:29 INFO  Benchmark_Timer - Begin run:  4M test:  with 10 runs
2021-12-03 22:27:40 INFO  Benchmark_Timer - Begin run:  4M test:  with 10 runs
2021-12-03 22:28:50 INFO  Benchmark_Timer - Begin run:  4M test:  with 10 runs
2021-12-03 22:30:00 INFO  Benchmark_Timer - Begin run:  4M test:  with 10 runs
2021-12-03 22:35:38 INFO  Benchmark_Timer - Begin run:  250K test:  with 10 runs
2021-12-03 22:36:07 INFO  Benchmark_Timer - Begin run:  250K test:  with 10 runs
2021-12-03 22:36:36 INFO  Benchmark_Timer - Begin run:  250K test:  with 10 runs
2021-12-03 22:37:04 INFO  Benchmark_Timer - Begin run:  250K test:  with 10 runs
2021-12-03 22:37:33 INFO  Benchmark_Timer - Begin run:  250K test:  with 10 runs
2021-12-03 22:38:01 INFO  Benchmark_Timer - Begin run:  250K test:  with 10 runs
2021-12-03 22:38:30 INFO  Benchmark_Timer - Begin run:  250K test:  with 10 runs
2021-12-03 22:38:58 INFO  Benchmark_Timer - Begin run:  250K test:  with 10 runs
2021-12-03 22:39:26 INFO  Benchmark_Timer - Begin run:  500K test:  with 10 runs
2021-12-03 22:39:59 INFO  Benchmark_Timer - Begin run:  500K test:  with 10 runs
2021-12-03 22:40:32 INFO  Benchmark_Timer - Begin run:  500K test:  with 10 runs
2021-12-03 22:41:05 INFO  Benchmark_Timer - Begin run:  500K test:  with 10 runs
2021-12-03 22:41:39 INFO  Benchmark_Timer - Begin run:  500K test:  with 10 runs
2021-12-03 22:42:12 INFO  Benchmark_Timer - Begin run:  500K test:  with 10 runs
2021-12-03 22:42:46 INFO  Benchmark_Timer - Begin run:  500K test:  with 10 runs
2021-12-03 22:43:21 INFO  Benchmark_Timer - Begin run:  500K test:  with 10 runs
2021-12-03 22:43:54 INFO  Benchmark_Timer - Begin run:  1M test:  with 10 runs
2021-12-03 22:44:37 INFO  Benchmark_Timer - Begin run:  1M test:  with 10 runs
2021-12-03 22:45:20 INFO  Benchmark_Timer - Begin run:  1M test:  with 10 runs
2021-12-03 22:46:04 INFO  Benchmark_Timer - Begin run:  1M test:  with 10 runs
2021-12-03 22:46:48 INFO  Benchmark_Timer - Begin run:  1M test:  with 10 runs
2021-12-03 22:47:30 INFO  Benchmark_Timer - Begin run:  1M test:  with 10 runs
2021-12-03 22:48:14 INFO  Benchmark_Timer - Begin run:  1M test:  with 10 runs
2021-12-03 22:48:56 INFO  Benchmark_Timer - Begin run:  1M test:  with 10 runs
2021-12-03 22:49:39 INFO  Benchmark_Timer - Begin run:  2M test:  with 10 runs
2021-12-03 22:50:42 INFO  Benchmark_Timer - Begin run:  2M test:  with 10 runs
2021-12-03 22:51:46 INFO  Benchmark_Timer - Begin run:  2M test:  with 10 runs
2021-12-03 22:52:45 INFO  Benchmark_Timer - Begin run:  2M test:  with 10 runs
2021-12-03 22:53:43 INFO  Benchmark_Timer - Begin run:  2M test:  with 10 runs
2021-12-03 22:54:42 INFO  Benchmark_Timer - Begin run:  2M test:  with 10 runs
2021-12-03 22:55:43 INFO  Benchmark_Timer - Begin run:  2M test:  with 10 runs
2021-12-03 22:56:48 INFO  Benchmark_Timer - Begin run:  2M test:  with 10 runs
2021-12-03 22:57:47 INFO  Benchmark_Timer - Begin run:  4M test:  with 10 runs
2021-12-03 22:59:21 INFO  Benchmark_Timer - Begin run:  4M test:  with 10 runs
2021-12-03 23:00:57 INFO  Benchmark_Timer - Begin run:  4M test:  with 10 runs
2021-12-03 23:02:32 INFO  Benchmark_Timer - Begin run:  4M test:  with 10 runs
2021-12-03 23:04:07 INFO  Benchmark_Timer - Begin run:  4M test:  with 10 runs
2021-12-03 23:05:41 INFO  Benchmark_Timer - Begin run:  4M test:  with 10 runs
2021-12-03 23:07:15 INFO  Benchmark_Timer - Begin run:  4M test:  with 10 runs
2021-12-03 23:08:53 INFO  Benchmark_Timer - Begin run:  4M test:  with 10 runs
2021-12-03 23:22:41 INFO  Benchmark_Timer - Begin run:  250K test:  with 10 runs
2021-12-03 23:23:07 INFO  Benchmark_Timer - Begin run:  250K test:  with 10 runs
2021-12-03 23:23:31 INFO  Benchmark_Timer - Begin run:  250K test:  with 10 runs
2021-12-03 23:23:54 INFO  Benchmark_Timer - Begin run:  250K test:  with 10 runs
2021-12-03 23:24:19 INFO  Benchmark_Timer - Begin run:  250K test:  with 10 runs
2021-12-03 23:24:43 INFO  Benchmark_Timer - Begin run:  250K test:  with 10 runs
2021-12-03 23:25:07 INFO  Benchmark_Timer - Begin run:  250K test:  with 10 runs
2021-12-03 23:25:31 INFO  Benchmark_Timer - Begin run:  250K test:  with 10 runs
2021-12-03 23:25:55 INFO  Benchmark_Timer - Begin run:  500K test:  with 10 runs
2021-12-03 23:26:20 INFO  Benchmark_Timer - Begin run:  500K test:  with 10 runs
2021-12-03 23:26:46 INFO  Benchmark_Timer - Begin run:  500K test:  with 10 runs
2021-12-03 23:27:12 INFO  Benchmark_Timer - Begin run:  500K test:  with 10 runs
2021-12-03 23:27:37 INFO  Benchmark_Timer - Begin run:  500K test:  with 10 runs
2021-12-03 23:28:03 INFO  Benchmark_Timer - Begin run:  500K test:  with 10 runs
2021-12-03 23:28:28 INFO  Benchmark_Timer - Begin run:  500K test:  with 10 runs
2021-12-03 23:28:54 INFO  Benchmark_Timer - Begin run:  500K test:  with 10 runs
2021-12-03 23:29:20 INFO  Benchmark_Timer - Begin run:  1M test:  with 10 runs
2021-12-03 23:29:49 INFO  Benchmark_Timer - Begin run:  1M test:  with 10 runs
2021-12-03 23:30:18 INFO  Benchmark_Timer - Begin run:  1M test:  with 10 runs
2021-12-03 23:30:46 INFO  Benchmark_Timer - Begin run:  1M test:  with 10 runs
2021-12-03 23:31:15 INFO  Benchmark_Timer - Begin run:  1M test:  with 10 runs
2021-12-03 23:31:43 INFO  Benchmark_Timer - Begin run:  1M test:  with 10 runs
2021-12-03 23:32:12 INFO  Benchmark_Timer - Begin run:  1M test:  with 10 runs
2021-12-03 23:32:41 INFO  Benchmark_Timer - Begin run:  1M test:  with 10 runs
2021-12-03 23:33:10 INFO  Benchmark_Timer - Begin run:  2M test:  with 10 runs
2021-12-03 23:33:46 INFO  Benchmark_Timer - Begin run:  2M test:  with 10 runs
2021-12-03 23:34:21 INFO  Benchmark_Timer - Begin run:  2M test:  with 10 runs
2021-12-03 23:34:57 INFO  Benchmark_Timer - Begin run:  2M test:  with 10 runs
2021-12-03 23:35:32 INFO  Benchmark_Timer - Begin run:  2M test:  with 10 runs
2021-12-03 23:36:06 INFO  Benchmark_Timer - Begin run:  2M test:  with 10 runs
2021-12-03 23:36:42 INFO  Benchmark_Timer - Begin run:  2M test:  with 10 runs
2021-12-03 23:37:16 INFO  Benchmark_Timer - Begin run:  2M test:  with 10 runs
2021-12-03 23:37:51 INFO  Benchmark_Timer - Begin run:  4M test:  with 10 runs
2021-12-03 23:38:38 INFO  Benchmark_Timer - Begin run:  4M test:  with 10 runs
2021-12-03 23:39:25 INFO  Benchmark_Timer - Begin run:  4M test:  with 10 runs
2021-12-03 23:40:12 INFO  Benchmark_Timer - Begin run:  4M test:  with 10 runs
2021-12-03 23:40:59 INFO  Benchmark_Timer - Begin run:  4M test:  with 10 runs
2021-12-03 23:41:47 INFO  Benchmark_Timer - Begin run:  4M test:  with 10 runs
2021-12-03 23:42:35 INFO  Benchmark_Timer - Begin run:  4M test:  with 10 runs
2021-12-03 23:43:24 INFO  Benchmark_Timer - Begin run:  4M test:  with 10 runs
2021-12-03 23:47:32 INFO  Benchmark_Timer - Begin run:  250K test:  with 10 runs
2021-12-03 23:47:58 INFO  Benchmark_Timer - Begin run:  250K test:  with 10 runs
2021-12-03 23:48:23 INFO  Benchmark_Timer - Begin run:  250K test:  with 10 runs
2021-12-03 23:48:47 INFO  Benchmark_Timer - Begin run:  250K test:  with 10 runs
2021-12-03 23:49:12 INFO  Benchmark_Timer - Begin run:  250K test:  with 10 runs
2021-12-03 23:49:36 INFO  Benchmark_Timer - Begin run:  250K test:  with 10 runs
2021-12-03 23:50:01 INFO  Benchmark_Timer - Begin run:  250K test:  with 10 runs
2021-12-03 23:50:25 INFO  Benchmark_Timer - Begin run:  250K test:  with 10 runs
2021-12-03 23:50:50 INFO  Benchmark_Timer - Begin run:  500K test:  with 10 runs
2021-12-03 23:51:15 INFO  Benchmark_Timer - Begin run:  500K test:  with 10 runs
2021-12-03 23:51:42 INFO  Benchmark_Timer - Begin run:  500K test:  with 10 runs
2021-12-03 23:52:08 INFO  Benchmark_Timer - Begin run:  500K test:  with 10 runs
2021-12-03 23:52:33 INFO  Benchmark_Timer - Begin run:  500K test:  with 10 runs
2021-12-03 23:52:59 INFO  Benchmark_Timer - Begin run:  500K test:  with 10 runs
2021-12-03 23:53:25 INFO  Benchmark_Timer - Begin run:  500K test:  with 10 runs
2021-12-03 23:53:51 INFO  Benchmark_Timer - Begin run:  500K test:  with 10 runs
2021-12-03 23:54:17 INFO  Benchmark_Timer - Begin run:  1M test:  with 10 runs
2021-12-03 23:54:46 INFO  Benchmark_Timer - Begin run:  1M test:  with 10 runs
2021-12-03 23:55:15 INFO  Benchmark_Timer - Begin run:  1M test:  with 10 runs
2021-12-03 23:55:44 INFO  Benchmark_Timer - Begin run:  1M test:  with 10 runs
2021-12-03 23:56:14 INFO  Benchmark_Timer - Begin run:  1M test:  with 10 runs
2021-12-03 23:56:43 INFO  Benchmark_Timer - Begin run:  1M test:  with 10 runs
2021-12-03 23:57:13 INFO  Benchmark_Timer - Begin run:  1M test:  with 10 runs
2021-12-03 23:57:43 INFO  Benchmark_Timer - Begin run:  1M test:  with 10 runs
2021-12-03 23:58:13 INFO  Benchmark_Timer - Begin run:  2M test:  with 10 runs
2021-12-03 23:58:49 INFO  Benchmark_Timer - Begin run:  2M test:  with 10 runs
2021-12-03 23:59:25 INFO  Benchmark_Timer - Begin run:  2M test:  with 10 runs
2021-12-04 00:00:01 INFO  Benchmark_Timer - Begin run:  2M test:  with 10 runs
2021-12-04 00:00:37 INFO  Benchmark_Timer - Begin run:  2M test:  with 10 runs
2021-12-04 00:01:12 INFO  Benchmark_Timer - Begin run:  2M test:  with 10 runs
2021-12-04 00:01:49 INFO  Benchmark_Timer - Begin run:  2M test:  with 10 runs
2021-12-04 00:02:24 INFO  Benchmark_Timer - Begin run:  2M test:  with 10 runs
2021-12-04 00:03:00 INFO  Benchmark_Timer - Begin run:  4M test:  with 10 runs
2021-12-04 00:03:47 INFO  Benchmark_Timer - Begin run:  4M test:  with 10 runs
2021-12-04 00:04:33 INFO  Benchmark_Timer - Begin run:  4M test:  with 10 runs
2021-12-04 00:05:20 INFO  Benchmark_Timer - Begin run:  4M test:  with 10 runs
2021-12-04 00:06:08 INFO  Benchmark_Timer - Begin run:  4M test:  with 10 runs
2021-12-04 00:06:55 INFO  Benchmark_Timer - Begin run:  4M test:  with 10 runs
2021-12-04 00:07:42 INFO  Benchmark_Timer - Begin run:  4M test:  with 10 runs
2021-12-04 00:08:30 INFO  Benchmark_Timer - Begin run:  4M test:  with 10 runs
2021-12-04 00:14:32 INFO  Benchmark_Timer - Begin run:  250K test:  with 10 runs
2021-12-04 00:15:01 INFO  Benchmark_Timer - Begin run:  250K test:  with 10 runs
2021-12-04 00:15:29 INFO  Benchmark_Timer - Begin run:  250K test:  with 10 runs
2021-12-04 00:15:57 INFO  Benchmark_Timer - Begin run:  250K test:  with 10 runs
2021-12-04 00:16:25 INFO  Benchmark_Timer - Begin run:  250K test:  with 10 runs
2021-12-04 00:16:53 INFO  Benchmark_Timer - Begin run:  250K test:  with 10 runs
2021-12-04 00:17:21 INFO  Benchmark_Timer - Begin run:  250K test:  with 10 runs
2021-12-04 00:17:48 INFO  Benchmark_Timer - Begin run:  250K test:  with 10 runs
2021-12-04 00:18:16 INFO  Benchmark_Timer - Begin run:  500K test:  with 10 runs
2021-12-04 00:18:49 INFO  Benchmark_Timer - Begin run:  500K test:  with 10 runs
2021-12-04 00:19:22 INFO  Benchmark_Timer - Begin run:  500K test:  with 10 runs
2021-12-04 00:19:55 INFO  Benchmark_Timer - Begin run:  500K test:  with 10 runs
2021-12-04 00:20:28 INFO  Benchmark_Timer - Begin run:  500K test:  with 10 runs
2021-12-04 00:21:01 INFO  Benchmark_Timer - Begin run:  500K test:  with 10 runs
2021-12-04 00:21:34 INFO  Benchmark_Timer - Begin run:  500K test:  with 10 runs
2021-12-04 00:22:07 INFO  Benchmark_Timer - Begin run:  500K test:  with 10 runs
2021-12-04 00:22:41 INFO  Benchmark_Timer - Begin run:  1M test:  with 10 runs
2021-12-04 00:23:26 INFO  Benchmark_Timer - Begin run:  1M test:  with 10 runs
2021-12-04 00:24:11 INFO  Benchmark_Timer - Begin run:  1M test:  with 10 runs
2021-12-04 00:24:56 INFO  Benchmark_Timer - Begin run:  1M test:  with 10 runs
2021-12-04 00:25:41 INFO  Benchmark_Timer - Begin run:  1M test:  with 10 runs
2021-12-04 00:26:27 INFO  Benchmark_Timer - Begin run:  1M test:  with 10 runs
2021-12-04 00:27:11 INFO  Benchmark_Timer - Begin run:  1M test:  with 10 runs
2021-12-04 00:27:57 INFO  Benchmark_Timer - Begin run:  1M test:  with 10 runs
2021-12-04 00:28:43 INFO  Benchmark_Timer - Begin run:  2M test:  with 10 runs
2021-12-04 00:29:54 INFO  Benchmark_Timer - Begin run:  2M test:  with 10 runs
2021-12-04 00:31:06 INFO  Benchmark_Timer - Begin run:  2M test:  with 10 runs
2021-12-04 00:32:16 INFO  Benchmark_Timer - Begin run:  2M test:  with 10 runs
2021-12-04 00:33:26 INFO  Benchmark_Timer - Begin run:  2M test:  with 10 runs
2021-12-04 00:34:37 INFO  Benchmark_Timer - Begin run:  2M test:  with 10 runs
2021-12-04 00:35:47 INFO  Benchmark_Timer - Begin run:  2M test:  with 10 runs
2021-12-04 00:37:00 INFO  Benchmark_Timer - Begin run:  2M test:  with 10 runs
2021-12-04 00:38:10 INFO  Benchmark_Timer - Begin run:  4M test:  with 10 runs
2021-12-04 00:40:11 INFO  Benchmark_Timer - Begin run:  4M test:  with 10 runs
2021-12-04 00:42:13 INFO  Benchmark_Timer - Begin run:  4M test:  with 10 runs
2021-12-04 00:44:14 INFO  Benchmark_Timer - Begin run:  4M test:  with 10 runs
2021-12-04 00:46:14 INFO  Benchmark_Timer - Begin run:  4M test:  with 10 runs
2021-12-04 00:48:15 INFO  Benchmark_Timer - Begin run:  4M test:  with 10 runs
2021-12-04 00:50:17 INFO  Benchmark_Timer - Begin run:  4M test:  with 10 runs
2021-12-04 00:52:17 INFO  Benchmark_Timer - Begin run:  4M test:  with 10 runs
2021-12-04 01:00:37 INFO  Benchmark_Timer - Begin run:  250K test:  with 10 runs
2021-12-04 01:02:10 INFO  Benchmark_Timer - Begin run:  250K test:  with 10 runs
2021-12-04 01:03:44 INFO  Benchmark_Timer - Begin run:  250K test:  with 10 runs
2021-12-04 01:05:15 INFO  Benchmark_Timer - Begin run:  250K test:  with 10 runs
2021-12-04 01:06:47 INFO  Benchmark_Timer - Begin run:  250K test:  with 10 runs
2021-12-04 01:08:19 INFO  Benchmark_Timer - Begin run:  250K test:  with 10 runs
2021-12-04 01:09:50 INFO  Benchmark_Timer - Begin run:  250K test:  with 10 runs
2021-12-04 01:11:22 INFO  Benchmark_Timer - Begin run:  250K test:  with 10 runs
2021-12-04 01:12:53 INFO  Benchmark_Timer - Begin run:  500K test:  with 10 runs
2021-12-04 01:15:45 INFO  Benchmark_Timer - Begin run:  500K test:  with 10 runs
2021-12-04 01:18:37 INFO  Benchmark_Timer - Begin run:  500K test:  with 10 runs
2021-12-04 01:21:31 INFO  Benchmark_Timer - Begin run:  500K test:  with 10 runs
2021-12-04 01:24:23 INFO  Benchmark_Timer - Begin run:  500K test:  with 10 runs
2021-12-04 01:27:18 INFO  Benchmark_Timer - Begin run:  500K test:  with 10 runs
2021-12-04 01:30:11 INFO  Benchmark_Timer - Begin run:  500K test:  with 10 runs
2021-12-04 01:33:03 INFO  Benchmark_Timer - Begin run:  500K test:  with 10 runs
2021-12-04 01:35:56 INFO  Benchmark_Timer - Begin run:  1M test:  with 10 runs
2021-12-04 01:41:48 INFO  Benchmark_Timer - Begin run:  1M test:  with 10 runs
2021-12-04 01:47:42 INFO  Benchmark_Timer - Begin run:  1M test:  with 10 runs
2021-12-04 01:53:35 INFO  Benchmark_Timer - Begin run:  1M test:  with 10 runs
2021-12-04 01:59:25 INFO  Benchmark_Timer - Begin run:  1M test:  with 10 runs
2021-12-04 02:05:16 INFO  Benchmark_Timer - Begin run:  1M test:  with 10 runs
2021-12-04 02:11:02 INFO  Benchmark_Timer - Begin run:  1M test:  with 10 runs
2021-12-04 02:16:48 INFO  Benchmark_Timer - Begin run:  1M test:  with 10 runs
2021-12-04 02:22:32 INFO  Benchmark_Timer - Begin run:  2M test:  with 10 runs
2021-12-04 02:34:37 INFO  Benchmark_Timer - Begin run:  2M test:  with 10 runs
2021-12-04 02:46:28 INFO  Benchmark_Timer - Begin run:  2M test:  with 10 runs
2021-12-04 02:58:22 INFO  Benchmark_Timer - Begin run:  2M test:  with 10 runs
2021-12-04 03:10:19 INFO  Benchmark_Timer - Begin run:  2M test:  with 10 runs
2021-12-04 03:22:13 INFO  Benchmark_Timer - Begin run:  2M test:  with 10 runs
2021-12-04 03:34:15 INFO  Benchmark_Timer - Begin run:  2M test:  with 10 runs
2021-12-04 03:46:10 INFO  Benchmark_Timer - Begin run:  2M test:  with 10 runs
2021-12-04 03:58:09 INFO  Benchmark_Timer - Begin run:  4M test:  with 10 runs
2021-12-04 04:24:00 INFO  Benchmark_Timer - Begin run:  4M test:  with 10 runs
2021-12-04 04:49:48 INFO  Benchmark_Timer - Begin run:  4M test:  with 10 runs
2021-12-04 05:15:44 INFO  Benchmark_Timer - Begin run:  4M test:  with 10 runs
2021-12-04 05:41:26 INFO  Benchmark_Timer - Begin run:  4M test:  with 10 runs
2021-12-04 06:07:15 INFO  Benchmark_Timer - Begin run:  4M test:  with 10 runs
2021-12-04 06:32:43 INFO  Benchmark_Timer - Begin run:  4M test:  with 10 runs
2021-12-04 06:58:02 INFO  Benchmark_Timer - Begin run:  4M test:  with 10 runs
2021-12-04 07:27:10 INFO  Benchmark_Timer - Begin run:  250K test:  with 10 runs
2021-12-04 07:27:36 INFO  Benchmark_Timer - Begin run:  250K test:  with 10 runs
2021-12-04 07:28:00 INFO  Benchmark_Timer - Begin run:  250K test:  with 10 runs
2021-12-04 07:28:24 INFO  Benchmark_Timer - Begin run:  250K test:  with 10 runs
2021-12-04 07:28:48 INFO  Benchmark_Timer - Begin run:  250K test:  with 10 runs
2021-12-04 07:29:13 INFO  Benchmark_Timer - Begin run:  250K test:  with 10 runs
2021-12-04 07:29:37 INFO  Benchmark_Timer - Begin run:  250K test:  with 10 runs
2021-12-04 07:30:01 INFO  Benchmark_Timer - Begin run:  250K test:  with 10 runs
2021-12-04 07:30:25 INFO  Benchmark_Timer - Begin run:  500K test:  with 10 runs
2021-12-04 07:30:50 INFO  Benchmark_Timer - Begin run:  500K test:  with 10 runs
2021-12-04 07:31:15 INFO  Benchmark_Timer - Begin run:  500K test:  with 10 runs
2021-12-04 07:31:40 INFO  Benchmark_Timer - Begin run:  500K test:  with 10 runs
2021-12-04 07:32:05 INFO  Benchmark_Timer - Begin run:  500K test:  with 10 runs
2021-12-04 07:32:30 INFO  Benchmark_Timer - Begin run:  500K test:  with 10 runs
2021-12-04 07:32:55 INFO  Benchmark_Timer - Begin run:  500K test:  with 10 runs
2021-12-04 07:33:20 INFO  Benchmark_Timer - Begin run:  500K test:  with 10 runs
2021-12-04 07:33:45 INFO  Benchmark_Timer - Begin run:  1M test:  with 10 runs
2021-12-04 07:34:12 INFO  Benchmark_Timer - Begin run:  1M test:  with 10 runs
2021-12-04 07:34:39 INFO  Benchmark_Timer - Begin run:  1M test:  with 10 runs
2021-12-04 07:35:06 INFO  Benchmark_Timer - Begin run:  1M test:  with 10 runs
2021-12-04 07:35:32 INFO  Benchmark_Timer - Begin run:  1M test:  with 10 runs
2021-12-04 07:35:59 INFO  Benchmark_Timer - Begin run:  1M test:  with 10 runs
2021-12-04 07:36:26 INFO  Benchmark_Timer - Begin run:  1M test:  with 10 runs
2021-12-04 07:36:53 INFO  Benchmark_Timer - Begin run:  1M test:  with 10 runs
2021-12-04 07:37:19 INFO  Benchmark_Timer - Begin run:  2M test:  with 10 runs
2021-12-04 07:37:48 INFO  Benchmark_Timer - Begin run:  2M test:  with 10 runs
2021-12-04 07:38:17 INFO  Benchmark_Timer - Begin run:  2M test:  with 10 runs
2021-12-04 07:38:47 INFO  Benchmark_Timer - Begin run:  2M test:  with 10 runs
2021-12-04 07:39:16 INFO  Benchmark_Timer - Begin run:  2M test:  with 10 runs
2021-12-04 07:39:45 INFO  Benchmark_Timer - Begin run:  2M test:  with 10 runs
2021-12-04 07:40:14 INFO  Benchmark_Timer - Begin run:  2M test:  with 10 runs
2021-12-04 07:40:44 INFO  Benchmark_Timer - Begin run:  2M test:  with 10 runs
2021-12-04 07:41:14 INFO  Benchmark_Timer - Begin run:  4M test:  with 10 runs
2021-12-04 07:41:49 INFO  Benchmark_Timer - Begin run:  4M test:  with 10 runs
2021-12-04 07:42:23 INFO  Benchmark_Timer - Begin run:  4M test:  with 10 runs
2021-12-04 07:43:00 INFO  Benchmark_Timer - Begin run:  4M test:  with 10 runs
2021-12-04 07:43:35 INFO  Benchmark_Timer - Begin run:  4M test:  with 10 runs
2021-12-04 07:44:12 INFO  Benchmark_Timer - Begin run:  4M test:  with 10 runs
2021-12-04 07:44:47 INFO  Benchmark_Timer - Begin run:  4M test:  with 10 runs
2021-12-04 07:45:21 INFO  Benchmark_Timer - Begin run:  4M test:  with 10 runs
2021-12-04 07:55:58 INFO  Benchmark_Timer - Begin run:  250K test:  with 10 runs
2021-12-04 07:56:24 INFO  Benchmark_Timer - Begin run:  250K test:  with 10 runs
2021-12-04 07:56:48 INFO  Benchmark_Timer - Begin run:  250K test:  with 10 runs
2021-12-04 07:57:12 INFO  Benchmark_Timer - Begin run:  250K test:  with 10 runs
2021-12-04 07:57:37 INFO  Benchmark_Timer - Begin run:  250K test:  with 10 runs
2021-12-04 07:58:01 INFO  Benchmark_Timer - Begin run:  250K test:  with 10 runs
2021-12-04 07:58:26 INFO  Benchmark_Timer - Begin run:  250K test:  with 10 runs
2021-12-04 07:58:51 INFO  Benchmark_Timer - Begin run:  250K test:  with 10 runs
2021-12-04 07:59:15 INFO  Benchmark_Timer - Begin run:  500K test:  with 10 runs
2021-12-04 07:59:41 INFO  Benchmark_Timer - Begin run:  500K test:  with 10 runs
2021-12-04 08:00:06 INFO  Benchmark_Timer - Begin run:  500K test:  with 10 runs
2021-12-04 08:00:32 INFO  Benchmark_Timer - Begin run:  500K test:  with 10 runs
2021-12-04 08:00:58 INFO  Benchmark_Timer - Begin run:  500K test:  with 10 runs
2021-12-04 08:01:23 INFO  Benchmark_Timer - Begin run:  500K test:  with 10 runs
2021-12-04 08:01:48 INFO  Benchmark_Timer - Begin run:  500K test:  with 10 runs
2021-12-04 08:02:13 INFO  Benchmark_Timer - Begin run:  500K test:  with 10 runs
2021-12-04 08:02:39 INFO  Benchmark_Timer - Begin run:  1M test:  with 10 runs
2021-12-04 08:03:06 INFO  Benchmark_Timer - Begin run:  1M test:  with 10 runs
2021-12-04 08:03:34 INFO  Benchmark_Timer - Begin run:  1M test:  with 10 runs
2021-12-04 08:04:02 INFO  Benchmark_Timer - Begin run:  1M test:  with 10 runs
2021-12-04 08:04:30 INFO  Benchmark_Timer - Begin run:  1M test:  with 10 runs
2021-12-04 08:04:59 INFO  Benchmark_Timer - Begin run:  1M test:  with 10 runs
2021-12-04 08:05:28 INFO  Benchmark_Timer - Begin run:  1M test:  with 10 runs
2021-12-04 08:05:56 INFO  Benchmark_Timer - Begin run:  1M test:  with 10 runs
2021-12-04 08:06:25 INFO  Benchmark_Timer - Begin run:  2M test:  with 10 runs
2021-12-04 08:06:56 INFO  Benchmark_Timer - Begin run:  2M test:  with 10 runs
2021-12-04 08:07:27 INFO  Benchmark_Timer - Begin run:  2M test:  with 10 runs
2021-12-04 08:07:58 INFO  Benchmark_Timer - Begin run:  2M test:  with 10 runs
2021-12-04 08:08:29 INFO  Benchmark_Timer - Begin run:  2M test:  with 10 runs
2021-12-04 08:09:01 INFO  Benchmark_Timer - Begin run:  2M test:  with 10 runs
2021-12-04 08:09:32 INFO  Benchmark_Timer - Begin run:  2M test:  with 10 runs
2021-12-04 08:10:03 INFO  Benchmark_Timer - Begin run:  2M test:  with 10 runs
2021-12-04 08:10:33 INFO  Benchmark_Timer - Begin run:  4M test:  with 10 runs
2021-12-04 08:11:09 INFO  Benchmark_Timer - Begin run:  4M test:  with 10 runs
2021-12-04 08:11:45 INFO  Benchmark_Timer - Begin run:  4M test:  with 10 runs
2021-12-04 08:12:20 INFO  Benchmark_Timer - Begin run:  4M test:  with 10 runs
2021-12-04 08:12:55 INFO  Benchmark_Timer - Begin run:  4M test:  with 10 runs
2021-12-04 08:13:31 INFO  Benchmark_Timer - Begin run:  4M test:  with 10 runs
2021-12-04 08:14:06 INFO  Benchmark_Timer - Begin run:  4M test:  with 10 runs
2021-12-04 08:14:41 INFO  Benchmark_Timer - Begin run:  4M test:  with 10 runs
2021-12-04 08:23:25 INFO  Benchmark_Timer - Begin run:  250K test:  with 10 runs
2021-12-04 08:23:51 INFO  Benchmark_Timer - Begin run:  250K test:  with 10 runs
2021-12-04 08:24:17 INFO  Benchmark_Timer - Begin run:  250K test:  with 10 runs
2021-12-04 08:24:42 INFO  Benchmark_Timer - Begin run:  250K test:  with 10 runs
2021-12-04 08:25:07 INFO  Benchmark_Timer - Begin run:  250K test:  with 10 runs
2021-12-04 08:25:32 INFO  Benchmark_Timer - Begin run:  250K test:  with 10 runs
2021-12-04 08:25:58 INFO  Benchmark_Timer - Begin run:  250K test:  with 10 runs
2021-12-04 08:26:24 INFO  Benchmark_Timer - Begin run:  250K test:  with 10 runs
2021-12-04 08:26:48 INFO  Benchmark_Timer - Begin run:  500K test:  with 10 runs
2021-12-04 08:27:15 INFO  Benchmark_Timer - Begin run:  500K test:  with 10 runs
2021-12-04 08:27:42 INFO  Benchmark_Timer - Begin run:  500K test:  with 10 runs
2021-12-04 08:28:09 INFO  Benchmark_Timer - Begin run:  500K test:  with 10 runs
2021-12-04 08:28:36 INFO  Benchmark_Timer - Begin run:  500K test:  with 10 runs
2021-12-04 08:29:03 INFO  Benchmark_Timer - Begin run:  500K test:  with 10 runs
2021-12-04 08:29:30 INFO  Benchmark_Timer - Begin run:  500K test:  with 10 runs
2021-12-04 08:29:57 INFO  Benchmark_Timer - Begin run:  500K test:  with 10 runs
2021-12-04 08:30:24 INFO  Benchmark_Timer - Begin run:  1M test:  with 10 runs
2021-12-04 08:30:55 INFO  Benchmark_Timer - Begin run:  1M test:  with 10 runs
2021-12-04 08:31:27 INFO  Benchmark_Timer - Begin run:  1M test:  with 10 runs
2021-12-04 08:31:59 INFO  Benchmark_Timer - Begin run:  1M test:  with 10 runs
2021-12-04 08:32:30 INFO  Benchmark_Timer - Begin run:  1M test:  with 10 runs
2021-12-04 08:33:01 INFO  Benchmark_Timer - Begin run:  1M test:  with 10 runs
2021-12-04 08:33:34 INFO  Benchmark_Timer - Begin run:  1M test:  with 10 runs
2021-12-04 08:34:06 INFO  Benchmark_Timer - Begin run:  1M test:  with 10 runs
2021-12-04 08:34:38 INFO  Benchmark_Timer - Begin run:  2M test:  with 10 runs
2021-12-04 08:35:19 INFO  Benchmark_Timer - Begin run:  2M test:  with 10 runs
2021-12-04 08:35:58 INFO  Benchmark_Timer - Begin run:  2M test:  with 10 runs
2021-12-04 08:36:39 INFO  Benchmark_Timer - Begin run:  2M test:  with 10 runs
2021-12-04 08:37:19 INFO  Benchmark_Timer - Begin run:  2M test:  with 10 runs
2021-12-04 08:37:59 INFO  Benchmark_Timer - Begin run:  2M test:  with 10 runs
2021-12-04 08:38:38 INFO  Benchmark_Timer - Begin run:  2M test:  with 10 runs
2021-12-04 08:39:17 INFO  Benchmark_Timer - Begin run:  2M test:  with 10 runs
2021-12-04 08:39:57 INFO  Benchmark_Timer - Begin run:  4M test:  with 10 runs
2021-12-04 08:40:51 INFO  Benchmark_Timer - Begin run:  4M test:  with 10 runs
2021-12-04 08:41:44 INFO  Benchmark_Timer - Begin run:  4M test:  with 10 runs
2021-12-04 08:42:37 INFO  Benchmark_Timer - Begin run:  4M test:  with 10 runs
2021-12-04 08:43:32 INFO  Benchmark_Timer - Begin run:  4M test:  with 10 runs
2021-12-04 08:44:25 INFO  Benchmark_Timer - Begin run:  4M test:  with 10 runs
2021-12-04 08:45:19 INFO  Benchmark_Timer - Begin run:  4M test:  with 10 runs
2021-12-04 08:46:13 INFO  Benchmark_Timer - Begin run:  4M test:  with 10 runs
2021-12-04 08:54:38 INFO  Benchmark_Timer - Begin run:  250K test:  with 10 runs
2021-12-04 08:56:33 INFO  Benchmark_Timer - Begin run:  250K test:  with 10 runs
2021-12-04 08:58:25 INFO  Benchmark_Timer - Begin run:  250K test:  with 10 runs
2021-12-04 09:00:19 INFO  Benchmark_Timer - Begin run:  500K test:  with 10 runs
2021-12-04 09:03:50 INFO  Benchmark_Timer - Begin run:  500K test:  with 10 runs
2021-12-04 09:07:20 INFO  Benchmark_Timer - Begin run:  500K test:  with 10 runs
2021-12-04 09:10:50 INFO  Benchmark_Timer - Begin run:  1M test:  with 10 runs
2021-12-04 09:17:37 INFO  Benchmark_Timer - Begin run:  1M test:  with 10 runs
2021-12-04 09:24:27 INFO  Benchmark_Timer - Begin run:  1M test:  with 10 runs
2021-12-04 09:31:25 INFO  Benchmark_Timer - Begin run:  2M test:  with 10 runs
2021-12-04 09:45:16 INFO  Benchmark_Timer - Begin run:  2M test:  with 10 runs
2021-12-04 09:58:59 INFO  Benchmark_Timer - Begin run:  2M test:  with 10 runs
2021-12-04 10:12:46 INFO  Benchmark_Timer - Begin run:  4M test:  with 10 runs
2021-12-04 10:41:15 INFO  Benchmark_Timer - Begin run:  4M test:  with 10 runs
2021-12-04 11:10:00 INFO  Benchmark_Timer - Begin run:  4M test:  with 10 runs
2021-12-05 04:06:41 INFO  Benchmark_Timer - Begin run: test  with 100 runs
2021-12-05 04:06:41 INFO  Benchmark_Timer - Begin run: test1  with 100 runs
2021-12-05 04:12:15 DEBUG Config - Config.get(helper, instrument) = false
2021-12-05 04:12:15 INFO  Benchmark_Timer - Begin run: test with 100 runs
2021-12-05 04:12:15 INFO  Benchmark_Timer - Begin run: test1 with 100 runs
2021-12-05 04:13:09 INFO  Benchmark_Timer - Begin run: test  with 100 runs
2021-12-05 04:13:09 INFO  Benchmark_Timer - Begin run: test1  with 100 runs
2021-12-05 04:14:35 INFO  Benchmark_Timer - Begin run: test  with 100 runs
2021-12-05 04:14:35 INFO  Benchmark_Timer - Begin run: test1  with 100 runs
2021-12-05 04:15:23 INFO  Benchmark_Timer - Begin run: test  with 100 runs
2021-12-05 04:15:23 INFO  Benchmark_Timer - Begin run: test1  with 100 runs
2021-12-05 04:16:07 INFO  Benchmark_Timer - Begin run: test  with 100 runs
2021-12-05 04:16:07 INFO  Benchmark_Timer - Begin run: test1  with 100 runs
2021-12-05 04:16:37 INFO  Benchmark_Timer - Begin run: test  with 100 runs
2021-12-05 04:16:37 INFO  Benchmark_Timer - Begin run: test1  with 100 runs
2021-12-05 04:17:12 INFO  Benchmark_Timer - Begin run: test  with 100 runs
2021-12-05 04:17:13 INFO  Benchmark_Timer - Begin run: test1  with 100 runs
2021-12-05 04:17:40 INFO  Benchmark_Timer - Begin run: test  with 100 runs
2021-12-05 04:17:40 INFO  Benchmark_Timer - Begin run: test1  with 100 runs
2021-12-05 04:18:09 INFO  Benchmark_Timer - Begin run: test  with 100 runs
2021-12-05 04:18:09 INFO  Benchmark_Timer - Begin run: test1  with 100 runs
2021-12-05 04:18:34 INFO  Benchmark_Timer - Begin run: test  with 100 runs
2021-12-05 04:18:34 INFO  Benchmark_Timer - Begin run: test1  with 100 runs
2021-12-05 04:28:31 DEBUG Config - Config.get(helper, instrument) = false
2021-12-04 09:02:56 DEBUG Config - Config.get(helper, instrument) = false
2021-12-05 15:03:06 DEBUG Config - Config.get(helper, instrument) = false
